<?xml version="1.0" encoding="UTF-8"?>
<testng-results ignored="0" total="1" passed="1" failed="0" skipped="0">
  <reporter-output>
  </reporter-output>
  <suite started-at="2024-07-13T23:06:03 IST" name="Default suite" finished-at="2024-07-13T23:07:18 IST" duration-ms="75119">
    <groups>
    </groups>
    <test started-at="2024-07-13T23:06:03 IST" name="Default test" finished-at="2024-07-13T23:07:18 IST" duration-ms="75119">
      <class name="night.ebayShoes">
        <test-method is-config="true" signature="setup()[pri:0, instance:night.ebayShoes@4b741d6d]" started-at="2024-07-13T23:06:03 IST" name="setup" finished-at="2024-07-13T23:06:17 IST" duration-ms="13971" status="PASS">
          <reporter-output>
          </reporter-output>
        </test-method> <!-- setup -->
        <test-method signature="tastcase1()[pri:0, instance:night.ebayShoes@4b741d6d]" started-at="2024-07-13T23:06:18 IST" name="tastcase1" finished-at="2024-07-13T23:07:18 IST" duration-ms="60551" status="PASS">
          <reporter-output>
          </reporter-output>
        </test-method> <!-- tastcase1 -->
      </class> <!-- night.ebayShoes -->
    </test> <!-- Default test -->
  </suite> <!-- Default suite -->
</testng-results>
